0 info it worked if it ends with ok
1 verbose cli [ '/usr/bin/nodejs',
1 verbose cli   '/usr/bin/npm',
1 verbose cli   'install',
1 verbose cli   'microsoft-speech-browser-sdk' ]
2 info using npm@3.5.2
3 info using node@v4.2.6
4 silly loadCurrentTree Starting
5 silly install loadCurrentTree
6 silly install readLocalPackageData
7 silly fetchPackageMetaData microsoft-speech-browser-sdk
8 silly fetchNamedPackageData microsoft-speech-browser-sdk
9 silly mapToRegistry name microsoft-speech-browser-sdk
10 silly mapToRegistry using default registry
11 silly mapToRegistry registry https://registry.npmjs.org/
12 silly mapToRegistry uri https://registry.npmjs.org/microsoft-speech-browser-sdk
13 verbose request uri https://registry.npmjs.org/microsoft-speech-browser-sdk
14 verbose request no auth needed
15 info attempt registry request try #1 at 10:43:48 PM
16 verbose request id 59694119b40e0485
17 verbose etag "5a61bb54-85d6"
18 verbose lastModified Fri, 19 Jan 2018 9:33:08 GMT
19 http request GET https://registry.npmjs.org/microsoft-speech-browser-sdk
20 http 304 https://registry.npmjs.org/microsoft-speech-browser-sdk
21 verbose headers { date: 'Wed, 14 Feb 2018 17:13:51 GMT',
21 verbose headers   via: '1.1 varnish',
21 verbose headers   'cache-control': 'max-age=300',
21 verbose headers   etag: '"5a61bb54-85d6"',
21 verbose headers   age: '740',
21 verbose headers   connection: 'keep-alive',
21 verbose headers   'x-served-by': 'cache-fra19142-FRA',
21 verbose headers   'x-cache': 'HIT',
21 verbose headers   'x-cache-hits': '2',
21 verbose headers   'x-timer': 'S1518628431.463764,VS0,VE0',
21 verbose headers   vary: 'Accept-Encoding, Accept' }
22 silly get cb [ 304,
22 silly get   { date: 'Wed, 14 Feb 2018 17:13:51 GMT',
22 silly get     via: '1.1 varnish',
22 silly get     'cache-control': 'max-age=300',
22 silly get     etag: '"5a61bb54-85d6"',
22 silly get     age: '740',
22 silly get     connection: 'keep-alive',
22 silly get     'x-served-by': 'cache-fra19142-FRA',
22 silly get     'x-cache': 'HIT',
22 silly get     'x-cache-hits': '2',
22 silly get     'x-timer': 'S1518628431.463764,VS0,VE0',
22 silly get     vary: 'Accept-Encoding, Accept' } ]
23 verbose etag https://registry.npmjs.org/microsoft-speech-browser-sdk from cache
24 verbose get saving microsoft-speech-browser-sdk to /home/satya/.npm/registry.npmjs.org/microsoft-speech-browser-sdk/.cache.json
25 silly install normalizeTree
26 silly loadCurrentTree Finishing
27 silly loadIdealTree Starting
28 silly install loadIdealTree
29 silly cloneCurrentTree Starting
30 silly install cloneCurrentTreeToIdealTree
31 silly cloneCurrentTree Finishing
32 silly loadShrinkwrap Starting
33 silly install loadShrinkwrap
34 silly loadShrinkwrap Finishing
35 silly loadAllDepsIntoIdealTree Starting
36 silly install loadAllDepsIntoIdealTree
37 silly rollbackFailedOptional Starting
38 silly rollbackFailedOptional Finishing
39 silly runTopLevelLifecycles Starting
40 silly runTopLevelLifecycles Finishing
41 silly install printInstalled
42 verbose stack Error: Refusing to install microsoft-speech-browser-sdk as a dependency of itself
42 verbose stack     at checkSelf (/usr/share/npm/lib/install/validate-args.js:40:14)
42 verbose stack     at Array.<anonymous> (/usr/share/npm/node_modules/slide/lib/bind-actor.js:15:8)
42 verbose stack     at LOOP (/usr/share/npm/node_modules/slide/lib/chain.js:15:14)
42 verbose stack     at chain (/usr/share/npm/node_modules/slide/lib/chain.js:20:5)
42 verbose stack     at /usr/share/npm/lib/install/validate-args.js:15:5
42 verbose stack     at /usr/share/npm/node_modules/slide/lib/async-map.js:52:35
42 verbose stack     at Array.forEach (native)
42 verbose stack     at /usr/share/npm/node_modules/slide/lib/async-map.js:52:11
42 verbose stack     at Array.forEach (native)
42 verbose stack     at asyncMap (/usr/share/npm/node_modules/slide/lib/async-map.js:51:8)
43 verbose cwd /home/satya/Downloads/SpeechToText-WebSockets-Javascript
44 error Linux 4.10.0-42-generic
45 error argv "/usr/bin/nodejs" "/usr/bin/npm" "install" "microsoft-speech-browser-sdk"
46 error node v4.2.6
47 error npm  v3.5.2
48 error code ENOSELF
49 error Refusing to install microsoft-speech-browser-sdk as a dependency of itself
50 error If you need help, you may report this error at:
50 error     <https://github.com/npm/npm/issues>
51 verbose exit [ 1, true ]
